<?xml version='1.0' encoding='UTF-8'?>
<testsuite hostname="Joshua-Desktop" name="org.mq.interpret.TokensTests" tests="72" errors="0" failures="0" skipped="0" time="0.051" timestamp="2022-08-28T23:36:58">
                     <properties>
[...]
</properties>
                     <testcase classname="org.mq.interpret.TokensTests" name="PARSING: pattern match should handle a number" time="0.019">
                                                 
                                               </testcase><testcase classname="org.mq.interpret.TokensTests" name="PARSING: pattern match should handle negative number" time="0.0">
                                                 
                                               </testcase><testcase classname="org.mq.interpret.TokensTests" name="PARSING: pattern match should handle function symbols" time="0.0">
                                                 
                                               </testcase><testcase classname="org.mq.interpret.TokensTests" name="PARSING: pattern match should handle names" time="0.0">
                                                 
                                               </testcase><testcase classname="org.mq.interpret.TokensTests" name="PARSING: pattern match should handle composite symbols" time="0.0">
                                                 
                                               </testcase><testcase classname="org.mq.interpret.TokensTests" name="strToAObj should handle a name" time="0.0">
                                                 
                                               </testcase><testcase classname="org.mq.interpret.TokensTests" name="strToAObj should handle a number" time="0.001">
                                                 
                                               </testcase><testcase classname="org.mq.interpret.TokensTests" name="strToAObj should handle a negative number" time="0.0">
                                                 
                                               </testcase><testcase classname="org.mq.interpret.TokensTests" name="strToAObj should handle an operator" time="0.0">
                                                 
                                               </testcase><testcase classname="org.mq.interpret.TokensTests" name="tokensToAObjs should handle a single name" time="0.0">
                                                 
                                               </testcase><testcase classname="org.mq.interpret.TokensTests" name="tokensToAObjs should handle a single number" time="0.0">
                                                 
                                               </testcase><testcase classname="org.mq.interpret.TokensTests" name="tokensToAObjs should handle a simple expression" time="0.0">
                                                 
                                               </testcase><testcase classname="org.mq.interpret.TokensTests" name="tokensToAObjs should handle a more-complex expression" time="0.0">
                                                 
                                               </testcase><testcase classname="org.mq.interpret.TokensTests" name="SIMPLE EVAL: should add two numbers" time="0.001">
                                                 
                                               </testcase><testcase classname="org.mq.interpret.TokensTests" name="SIMPLE EVAL: should mod two numbers" time="0.001">
                                                 
                                               </testcase><testcase classname="org.mq.interpret.TokensTests" name="SIMPLE EVAL: should do iota number" time="0.0">
                                                 
                                               </testcase><testcase classname="org.mq.interpret.TokensTests" name="SIMPLE EVAL: should do membership" time="0.0">
                                                 
                                               </testcase><testcase classname="org.mq.interpret.TokensTests" name="SIMPLE EVAL: should do monadic rho" time="0.0">
                                                 
                                               </testcase><testcase classname="org.mq.interpret.TokensTests" name="SIMPLE EVAL: should do dyadic rho" time="0.001">
                                                 
                                               </testcase><testcase classname="org.mq.interpret.TokensTests" name="SIMPLE EVAL: should do take" time="0.0">
                                                 
                                               </testcase><testcase classname="org.mq.interpret.TokensTests" name="MIXED SHAPE: should add number and vector" time="0.001">
                                                 
                                               </testcase><testcase classname="org.mq.interpret.TokensTests" name="MIXED SHAPE: should treat one-element vector as scalar" time="0.0">
                                                 
                                               </testcase><testcase classname="org.mq.interpret.TokensTests" name="MIXED SHAPE: should max vector and vector" time="0.001">
                                                 
                                               </testcase><testcase classname="org.mq.interpret.TokensTests" name="VARIABLES: should work" time="0.001">
                                                 
                                               </testcase><testcase classname="org.mq.interpret.TokensTests" name="OPERATORS: should reduce a vector with +" time="0.001">
                                                 
                                               </testcase><testcase classname="org.mq.interpret.TokensTests" name="OPERATORS: should reduce a matrix with mul" time="0.001">
                                                 
                                               </testcase><testcase classname="org.mq.interpret.TokensTests" name="OPERATORS: should do outer product" time="0.001">
                                                 
                                               </testcase><testcase classname="org.mq.interpret.TokensTests" name="OPERATORS: should do inner product" time="0.001">
                                                 
                                               </testcase><testcase classname="org.mq.interpret.TokensTests" name="FULL EVAL: should handle bracketted expressions" time="0.001">
                                                 
                                               </testcase><testcase classname="org.mq.interpret.TokensTests" name="FULL EVAL: should handle complex expressions" time="0.001">
                                                 
                                               </testcase><testcase classname="org.mq.interpret.TokensTests" name="FULL EVAL: should handle complex expressions - primes" time="0.003">
                                                 
                                               </testcase><testcase classname="org.mq.interpret.TokensTests" name="CUSTOM TEST CASES should return Assign for &lt;-" time="0.0">
                                                 
                                               </testcase><testcase classname="org.mq.interpret.TokensTests" name="CUSTOM TEST CASES should return LRBrac for (" time="0.0">
                                                 
                                               </testcase><testcase classname="org.mq.interpret.TokensTests" name="CUSTOM TEST CASES should return just the number even if there's a +" time="0.001">
                                                 
                                               </testcase><testcase classname="org.mq.interpret.TokensTests" name="CUSTOM TEST CASES should handle a string operators like mul" time="0.0">
                                                 
                                               </testcase><testcase classname="org.mq.interpret.TokensTests" name="CUSTOM TEST CASES should interpret operations without spaces (mul)" time="0.0">
                                                 
                                               </testcase><testcase classname="org.mq.interpret.TokensTests" name="CUSTOM TEST CASES should interpret operations without spaces (+)" time="0.001">
                                                 
                                               </testcase><testcase classname="org.mq.interpret.TokensTests" name="CUSTOM TEST CASES should interpret operations without spaces (Assign)" time="0.0">
                                                 
                                               </testcase><testcase classname="org.mq.interpret.TokensTests" name="MONADIC FUNCTION TEST CASES should handle monadic operations (+) for ANumber" time="0.0">
                                                 
                                               </testcase><testcase classname="org.mq.interpret.TokensTests" name="MONADIC FUNCTION TEST CASES should handle monadic operations (+) for AVector" time="0.0">
                                                 
                                               </testcase><testcase classname="org.mq.interpret.TokensTests" name="MONADIC FUNCTION TEST CASES should handle monadic operations (-) for ANumber" time="0.0">
                                                 
                                               </testcase><testcase classname="org.mq.interpret.TokensTests" name="MONADIC FUNCTION TEST CASES should handle monadic operations (-) for AVector" time="0.001">
                                                 
                                               </testcase><testcase classname="org.mq.interpret.TokensTests" name="MONADIC FUNCTION TEST CASES should handle monadic operations (-) for AMatrix" time="0.0">
                                                 
                                               </testcase><testcase classname="org.mq.interpret.TokensTests" name="MONADIC FUNCTION TEST CASES should floor a number" time="0.0">
                                                 
                                               </testcase><testcase classname="org.mq.interpret.TokensTests" name="MONADIC FUNCTION TEST CASES should ceil a number" time="0.0">
                                                 
                                               </testcase><testcase classname="org.mq.interpret.TokensTests" name="MONADIC FUNCTION TEST CASES should return abs value" time="0.001">
                                                 
                                               </testcase><testcase classname="org.mq.interpret.TokensTests" name="DYADIC FUNCTION TEST CASES should handle summing two matricies" time="0.001">
                                                 
                                               </testcase><testcase classname="org.mq.interpret.TokensTests" name="DYADIC FUNCTION TEST CASES should Number rho number" time="0.001">
                                                 
                                               </testcase><testcase classname="org.mq.interpret.TokensTests" name="DYADIC FUNCTION TEST CASES should Number rho Vector" time="0.0">
                                                 
                                               </testcase><testcase classname="org.mq.interpret.TokensTests" name="DYADIC FUNCTION TEST CASES should Vector rho Number" time="0.001">
                                                 
                                               </testcase><testcase classname="org.mq.interpret.TokensTests" name="DYADIC FUNCTION TEST CASES should Vector rho Vector" time="0.0">
                                                 
                                               </testcase><testcase classname="org.mq.interpret.TokensTests" name="DYADIC FUNCTION TEST CASES should rho Vector rho Vector" time="0.0">
                                                 
                                               </testcase><testcase classname="org.mq.interpret.TokensTests" name="OPERATORS: should reduce a vector with -" time="0.001">
                                                 
                                               </testcase><testcase classname="org.mq.interpret.TokensTests" name="OPERATORS: should reduce a vector with div" time="0.0">
                                                 
                                               </testcase><testcase classname="org.mq.interpret.TokensTests" name="OPERATORS: should reduce a matrix with -" time="0.0">
                                                 
                                               </testcase><testcase classname="org.mq.interpret.TokensTests" name="OPERATORS: should reduce a matrix with div" time="0.0">
                                                 
                                               </testcase><testcase classname="org.mq.interpret.TokensTests" name="OPERATORS: should do take with negative number" time="0.0">
                                                 
                                               </testcase><testcase classname="org.mq.interpret.TokensTests" name="OPERATORS: should do drop" time="0.0">
                                                 
                                               </testcase><testcase classname="org.mq.interpret.TokensTests" name="OPERATORS: should do drop with negative number" time="0.001">
                                                 
                                               </testcase><testcase classname="org.mq.interpret.TokensTests" name="OPERATORS: should find minimum" time="0.0">
                                                 
                                               </testcase><testcase classname="org.mq.interpret.TokensTests" name="OPERATORS: should find maximum" time="0.0">
                                                 
                                               </testcase><testcase classname="org.mq.interpret.TokensTests" name="INNER PRODUCT: should calculate inner product (mul then +) then add to matrix" time="0.0">
                                                 
                                               </testcase><testcase classname="org.mq.interpret.TokensTests" name="INNER PRODUCT: should calculate inner product (+ then mul) then add to matrix" time="0.001">
                                                 
                                               </testcase><testcase classname="org.mq.interpret.TokensTests" name="INNER PRODUCT: should calculate inner product (ceil then flr) then add to matrix" time="0.001">
                                                 
                                               </testcase><testcase classname="org.mq.interpret.TokensTests" name="INNER PRODUCT: should calculate inner product (mul then +) of a vector and matrix" time="0.001">
                                                 
                                               </testcase><testcase classname="org.mq.interpret.TokensTests" name="INNER PRODUCT: should calculate inner product (flr then mul) of a vector and matrix" time="0.001">
                                                 
                                               </testcase><testcase classname="org.mq.interpret.TokensTests" name="OUTER PRODUCT: should calculate outer product of two vectors (mul)" time="0.0">
                                                 
                                               </testcase><testcase classname="org.mq.interpret.TokensTests" name="OUTER PRODUCT: should calculate outer product of two vectors (flr)" time="0.001">
                                                 
                                               </testcase><testcase classname="org.mq.interpret.TokensTests" name="REDUCTIVE OPERATOR: should reduce columns of matrix with rdc" time="0.001">
                                                 
                                               </testcase><testcase classname="org.mq.interpret.TokensTests" name="REDUCTIVE OPERATOR: should reduce columns of matrix with rdc then operate on result" time="0.0">
                                                 
                                               </testcase><testcase classname="org.mq.interpret.TokensTests" name="BRACKETS: should do multiple brackets" time="0.001">
                                                 
                                               </testcase><testcase classname="org.mq.interpret.TokensTests" name="BRACKETS: should do nested brackets" time="0.0">
                                                 
                                               </testcase>
                     <system-out><![CDATA[]]></system-out>
                     <system-err><![CDATA[]]></system-err>
                   </testsuite>